<?xml version="1.0" encoding="UTF-8"?>
<testsuite xmlns:xsi="http://www.w3.org/2001/XMLSchema-instance" xsi:noNamespaceSchemaLocation="https://maven.apache.org/surefire/maven-surefire-plugin/xsd/surefire-test-report.xsd" name="com.busguidance.AppTest" time="0.034" tests="38" errors="0" skipped="0" failures="0">
  <properties>
[...]
</properties>
  <testcase name="B4_cannotDriveEV" classname="com.busguidance.AppTest" time="0.014"/>
  <testcase name="D3_checkNewinput" classname="com.busguidance.AppTest" time="0.001"/>
  <testcase name="integration_InvalidDriver" classname="com.busguidance.AppTest" time="0"/>
  <testcase name="B5_mediumLicenseDriverEV" classname="com.busguidance.AppTest" time="0"/>
  <testcase name="D1_validDriverID" classname="com.busguidance.AppTest" time="0"/>
  <testcase name="B3_ageOver50" classname="com.busguidance.AppTest" time="0"/>
  <testcase name="B5_ptLicenseDriverHybrid" classname="com.busguidance.AppTest" time="0.001"/>
  <testcase name="B2_invalidUpdatedcapacity" classname="com.busguidance.AppTest" time="0.001"/>
  <testcase name="D4_updatedLicense" classname="com.busguidance.AppTest" time="0.001"/>
  <testcase name="B2_sameUpdatedcapacity" classname="com.busguidance.AppTest" time="0"/>
  <testcase name="integration_validBusStored" classname="com.busguidance.AppTest" time="0.001"/>
  <testcase name="B4_driverEV" classname="com.busguidance.AppTest" time="0"/>
  <testcase name="D1_invalidDriverID" classname="com.busguidance.AppTest" time="0"/>
  <testcase name="integration_detailUpdates" classname="com.busguidance.AppTest" time="0.001"/>
  <testcase name="integration_ValidIDStored" classname="com.busguidance.AppTest" time="0"/>
  <testcase name="B2_verifyUpdatedcapacity" classname="com.busguidance.AppTest" time="0.001"/>
  <testcase name="B1_invalidBusID" classname="com.busguidance.AppTest" time="0"/>
  <testcase name="D5_DriverIDModified" classname="com.busguidance.AppTest" time="0"/>
  <testcase name="D2_verifyAddress" classname="com.busguidance.AppTest" time="0"/>
  <testcase name="integreation_driverCountUpdate" classname="com.busguidance.AppTest" time="0.001"/>
  <testcase name="D2_missingVal" classname="com.busguidance.AppTest" time="0"/>
  <testcase name="D3_verifyBirthday" classname="com.busguidance.AppTest" time="0"/>
  <testcase name="D3_incorrectBD" classname="com.busguidance.AppTest" time="0.001"/>
  <testcase name="integration_BusCountUpdate" classname="com.busguidance.AppTest" time="0"/>
  <testcase name="B3_over50DriverSmallBus" classname="com.busguidance.AppTest" time="0"/>
  <testcase name="D1_noSpecialChars" classname="com.busguidance.AppTest" time="0.001"/>
  <testcase name="D5_DriverNameModified" classname="com.busguidance.AppTest" time="0"/>
  <testcase name="D4_updatedType" classname="com.busguidance.AppTest" time="0"/>
  <testcase name="D5_addressUpdate" classname="com.busguidance.AppTest" time="0.001"/>
  <testcase name="B3_checkDriverAge" classname="com.busguidance.AppTest" time="0"/>
  <testcase name="integration_BusUpdates" classname="com.busguidance.AppTest" time="0.001"/>
  <testcase name="B1_verifyBusID" classname="com.busguidance.AppTest" time="0"/>
  <testcase name="B1_duplicateBusID" classname="com.busguidance.AppTest" time="0"/>
  <testcase name="B5_heavyLicenseDriveEV" classname="com.busguidance.AppTest" time="0"/>
  <testcase name="D4_invalidUpdateLicense" classname="com.busguidance.AppTest" time="0.001"/>
  <testcase name="integration_invalidBusStored" classname="com.busguidance.AppTest" time="0"/>
  <testcase name="B4_over5Years" classname="com.busguidance.AppTest" time="0"/>
  <testcase name="D2_incorrectAddress" classname="com.busguidance.AppTest" time="0"/>
</testsuite>